#-----------------------------------------------------------
# Vivado v2016.2 (64-bit)
# SW Build 1577090 on Thu Jun  2 16:32:40 MDT 2016
# IP Build 1577682 on Fri Jun  3 12:00:54 MDT 2016
# Start of session at: Sun Apr 22 20:38:18 2018
# Process ID: 8816
# Current directory: D:/vivado____360/CPU-31-master -board
# Command line: vivado.exe D:\vivado____360\CPU-31-master -board\1552229-cpu31.xpr
# Log file: D:/vivado____360/CPU-31-master -board/vivado.log
# Journal file: D:/vivado____360/CPU-31-master -board\vivado.jou
#-----------------------------------------------------------
start_gui
open_project {D:/vivado____360/CPU-31-master -board/1552229-cpu31.xpr}
INFO: [Project 1-313] Project file moved from 'D:/vivado____360/CPU-31-master' since last save.
Scanning sources...
Finished scanning sources
INFO: [IP_Flow 19-234] Refreshing IP repositories
INFO: [IP_Flow 19-1704] No user IP repositories specified
INFO: [IP_Flow 19-2313] Loaded Vivado IP repository 'D:/Vivado/2016.2/data/ip'.
open_project: Time (s): cpu = 00:00:20 ; elapsed = 00:00:08 . Memory (MB): peak = 838.102 ; gain = 169.820
update_compile_order -fileset sources_1
update_compile_order -fileset sources_1
reset_run ipcore_synth_1
reset_run synth_1
launch_runs impl_1 -jobs 2
INFO: [IP_Flow 19-1686] Generating 'Synthesis' target for IP 'ipcore'...
[Sun Apr 22 20:49:07 2018] Launched ipcore_synth_1, synth_1...
Run output will be captured here:
ipcore_synth_1: D:/vivado____360/CPU-31-master -board/1552229-cpu31.runs/ipcore_synth_1/runme.log
synth_1: D:/vivado____360/CPU-31-master -board/1552229-cpu31.runs/synth_1/runme.log
[Sun Apr 22 20:49:07 2018] Launched impl_1...
Run output will be captured here: D:/vivado____360/CPU-31-master -board/1552229-cpu31.runs/impl_1/runme.log
reset_run synth_1
launch_runs impl_1 -jobs 2
[Sun Apr 22 20:51:11 2018] Launched synth_1...
Run output will be captured here: D:/vivado____360/CPU-31-master -board/1552229-cpu31.runs/synth_1/runme.log
[Sun Apr 22 20:51:11 2018] Launched impl_1...
Run output will be captured here: D:/vivado____360/CPU-31-master -board/1552229-cpu31.runs/impl_1/runme.log
report_ip_status -name ip_status 
ipx::package_project -root_dir {D:/vivado____360/CPU-31-master -board/1552229-cpu31.srcs/sources_1/ip} -vendor xilinx.com -library user -taxonomy /UserIP -import_files -set_current false
WARNING: [IP_Flow 19-3833] Unreferenced file from the top module is not packaged: 'D:/vivado____360/CPU-31-master -board/1552229-cpu31.srcs/sources_1/new/cpu_test.v'.
WARNING: [IP_Flow 19-3833] Unreferenced file from the top module is not packaged: 'D:/vivado____360/CPU-31-master -board/1552229-cpu31.srcs/sources_1/new/seg7x16.v'.
WARNING: [IP_Flow 19-3833] Unreferenced file from the top module is not packaged: 'D:/vivado____360/CPU-31-master -board/1552229-cpu31.srcs/sources_1/new/io_sel.v'.
WARNING: [IP_Flow 19-3833] Unreferenced file from the top module is not packaged: 'D:/vivado____360/CPU-31-master -board/1552229-cpu31.srcs/sources_1/new/sw_mem_sel.v'.
WARNING: [IP_Flow 19-3833] Unreferenced file from the top module is not packaged: 'D:/vivado____360/CPU-31-master -board/1552229-cpu31.srcs/sources_1/new/sccomp_dataflow.v'.
INFO: [IP_Flow 19-4753] Inferred signal 'reset' from port 'reset' as interface 'reset'.
INFO: [IP_Flow 19-4753] Inferred signal 'clock' from port 'clk' as interface 'clk'.
INFO: [IP_Flow 19-4728] Bus Interface 'clk': Added interface parameter 'ASSOCIATED_RESET' with value 'reset'.
ipx::unload_core {d:/vivado____360/CPU-31-master -board/1552229-cpu31.srcs/sources_1/ip/component.xml}
ipx::edit_ip_in_project -upgrade true -name tmp_edit_project -directory {D:/vivado____360/CPU-31-master\ -board/1552229-cpu31.srcs/sources_1/ip} {d:/vivado____360/CPU-31-master -board/1552229-cpu31.srcs/sources_1/ip/component.xml}
INFO: [IP_Flow 19-234] Refreshing IP repositories
INFO: [IP_Flow 19-1704] No user IP repositories specified
INFO: [IP_Flow 19-2313] Loaded Vivado IP repository 'D:/Vivado/2016.2/data/ip'.
INFO: [IP_Flow 19-795] Syncing license key meta-data
INFO: [IP_Flow 19-793] Syncing display name meta-data
INFO: [IP_Flow 19-798] Syncing taxonomy meta-data
update_compile_order -fileset sources_1
update_compile_order -fileset sim_1
current_project 1552229-cpu31
current_project tmp_edit_project
close_project
exit
INFO: [Common 17-206] Exiting Vivado at Sun Apr 22 21:12:22 2018...
