#-----------------------------------------------------------
# Vivado v2016.2 (64-bit)
# SW Build 1577090 on Thu Jun  2 16:32:40 MDT 2016
# IP Build 1577682 on Fri Jun  3 12:00:54 MDT 2016
# Start of session at: Wed Apr 25 18:49:11 2018
# Process ID: 10928
# Current directory: D:/vivado____360/CPU-31-master -board
# Command line: vivado.exe D:\vivado____360\CPU-31-master -board\1652262-cpu31.xpr
# Log file: D:/vivado____360/CPU-31-master -board/vivado.log
# Journal file: D:/vivado____360/CPU-31-master -board\vivado.jou
#-----------------------------------------------------------
start_gui
open_project {D:/vivado____360/CPU-31-master -board/1652262-cpu31.xpr}
Scanning sources...
Finished scanning sources
WARNING: [filemgmt 56-3] IPUserFilesDir: Could not find the directory 'D:/vivado____360/CPU-31-master -board/1552229-cpu31.ip_user_files'.
INFO: [IP_Flow 19-234] Refreshing IP repositories
INFO: [IP_Flow 19-1704] No user IP repositories specified
INFO: [IP_Flow 19-2313] Loaded Vivado IP repository 'D:/Vivado/2016.2/data/ip'.
open_project: Time (s): cpu = 00:00:29 ; elapsed = 00:00:14 . Memory (MB): peak = 821.055 ; gain = 164.840
update_compile_order -fileset sources_1
reset_run synth_1
launch_runs synth_1 -jobs 2
INFO: [HDL 9-2216] Analyzing Verilog file "D:/vivado____360/CPU-31-master -board/1652262-cpu31.srcs/sources_1/new/cpu.v" into library work [D:/vivado____360/CPU-31-master -board/1652262-cpu31.srcs/sources_1/new/cpu.v:1]
[Wed Apr 25 18:50:10 2018] Launched synth_1...
Run output will be captured here: D:/vivado____360/CPU-31-master -board/1652262-cpu31.runs/synth_1/runme.log
exit
